mode: set
github.com/joshuabezaleel/library-server/pkg/core/book/service.go:26.56,30.2 1 0
github.com/joshuabezaleel/library-server/pkg/core/book/service.go:32.53,36.2 2 0
github.com/joshuabezaleel/library-server/pkg/core/book/service.go:38.53,40.2 1 0
github.com/joshuabezaleel/library-server/pkg/core/book/service.go:42.53,44.2 1 0
github.com/joshuabezaleel/library-server/pkg/core/book/service.go:46.47,48.2 1 0
github.com/joshuabezaleel/library-server/pkg/core/book/service.go:50.25,52.2 1 0
github.com/joshuabezaleel/library-server/pkg/core/book/book.go:29.280,47.2 1 0
github.com/joshuabezaleel/library-server/server/auth.go:18.64,20.2 1 0
github.com/joshuabezaleel/library-server/server/auth.go:22.75,29.16 3 0
github.com/joshuabezaleel/library-server/server/auth.go:33.2,36.16 3 0
github.com/joshuabezaleel/library-server/server/auth.go:41.2,42.16 2 0
github.com/joshuabezaleel/library-server/server/auth.go:46.2,56.16 5 0
github.com/joshuabezaleel/library-server/server/auth.go:61.2,61.48 1 0
github.com/joshuabezaleel/library-server/server/auth.go:29.16,32.3 2 0
github.com/joshuabezaleel/library-server/server/auth.go:36.16,39.3 2 0
github.com/joshuabezaleel/library-server/server/auth.go:42.16,45.3 2 0
github.com/joshuabezaleel/library-server/server/auth.go:56.16,59.3 2 0
github.com/joshuabezaleel/library-server/server/book.go:18.64,26.2 4 0
github.com/joshuabezaleel/library-server/server/book.go:28.80,32.16 3 0
github.com/joshuabezaleel/library-server/server/book.go:36.2,39.16 3 0
github.com/joshuabezaleel/library-server/server/book.go:44.2,44.49 1 0
github.com/joshuabezaleel/library-server/server/book.go:32.16,35.3 2 0
github.com/joshuabezaleel/library-server/server/book.go:39.16,42.3 2 0
github.com/joshuabezaleel/library-server/server/book.go:47.77,50.9 3 0
github.com/joshuabezaleel/library-server/server/book.go:55.2,56.16 2 0
github.com/joshuabezaleel/library-server/server/book.go:61.2,61.41 1 0
github.com/joshuabezaleel/library-server/server/book.go:50.9,53.3 2 0
github.com/joshuabezaleel/library-server/server/book.go:56.16,59.3 2 0
github.com/joshuabezaleel/library-server/server/book.go:64.80,68.16 3 0
github.com/joshuabezaleel/library-server/server/book.go:72.2,76.9 4 0
github.com/joshuabezaleel/library-server/server/book.go:80.2,83.16 3 0
github.com/joshuabezaleel/library-server/server/book.go:88.2,88.48 1 0
github.com/joshuabezaleel/library-server/server/book.go:68.16,71.3 2 0
github.com/joshuabezaleel/library-server/server/book.go:76.9,79.3 2 0
github.com/joshuabezaleel/library-server/server/book.go:83.16,86.3 2 0
github.com/joshuabezaleel/library-server/server/book.go:91.80,94.9 3 0
github.com/joshuabezaleel/library-server/server/book.go:99.2,100.16 2 0
github.com/joshuabezaleel/library-server/server/book.go:105.2,105.62 1 0
github.com/joshuabezaleel/library-server/server/book.go:94.9,97.3 2 0
github.com/joshuabezaleel/library-server/server/book.go:100.16,103.3 2 0
github.com/joshuabezaleel/library-server/server/bookcopy.go:18.68,26.2 4 0
github.com/joshuabezaleel/library-server/server/bookcopy.go:28.88,32.16 3 0
github.com/joshuabezaleel/library-server/server/bookcopy.go:36.2,40.9 4 0
github.com/joshuabezaleel/library-server/server/bookcopy.go:44.2,47.16 3 0
github.com/joshuabezaleel/library-server/server/bookcopy.go:52.2,52.53 1 0
github.com/joshuabezaleel/library-server/server/bookcopy.go:32.16,35.3 2 0
github.com/joshuabezaleel/library-server/server/bookcopy.go:40.9,43.3 2 0
github.com/joshuabezaleel/library-server/server/bookcopy.go:47.16,50.3 2 0
github.com/joshuabezaleel/library-server/server/bookcopy.go:55.85,58.9 3 0
github.com/joshuabezaleel/library-server/server/bookcopy.go:63.2,64.16 2 0
github.com/joshuabezaleel/library-server/server/bookcopy.go:69.2,69.45 1 0
github.com/joshuabezaleel/library-server/server/bookcopy.go:58.9,61.3 2 0
github.com/joshuabezaleel/library-server/server/bookcopy.go:64.16,67.3 2 0
github.com/joshuabezaleel/library-server/server/bookcopy.go:72.88,76.16 3 0
github.com/joshuabezaleel/library-server/server/bookcopy.go:80.2,84.9 4 0
github.com/joshuabezaleel/library-server/server/bookcopy.go:88.2,91.9 3 0
github.com/joshuabezaleel/library-server/server/bookcopy.go:95.2,98.16 3 0
github.com/joshuabezaleel/library-server/server/bookcopy.go:103.2,103.52 1 0
github.com/joshuabezaleel/library-server/server/bookcopy.go:76.16,79.3 2 0
github.com/joshuabezaleel/library-server/server/bookcopy.go:84.9,87.3 2 0
github.com/joshuabezaleel/library-server/server/bookcopy.go:91.9,94.3 2 0
github.com/joshuabezaleel/library-server/server/bookcopy.go:98.16,101.3 2 0
github.com/joshuabezaleel/library-server/server/bookcopy.go:106.88,109.9 3 0
github.com/joshuabezaleel/library-server/server/bookcopy.go:114.2,115.16 2 0
github.com/joshuabezaleel/library-server/server/bookcopy.go:120.2,120.71 1 0
github.com/joshuabezaleel/library-server/server/bookcopy.go:109.9,112.3 2 0
github.com/joshuabezaleel/library-server/server/bookcopy.go:115.16,118.3 2 0
github.com/joshuabezaleel/library-server/server/borrowing.go:17.69,20.2 2 0
github.com/joshuabezaleel/library-server/server/borrowing.go:22.89,25.9 3 0
github.com/joshuabezaleel/library-server/server/borrowing.go:30.2,33.16 3 0
github.com/joshuabezaleel/library-server/server/borrowing.go:38.2,38.43 1 0
github.com/joshuabezaleel/library-server/server/borrowing.go:25.9,28.3 2 0
github.com/joshuabezaleel/library-server/server/borrowing.go:33.16,36.3 2 0
github.com/joshuabezaleel/library-server/server/borrowing.go:41.89,44.9 3 0
github.com/joshuabezaleel/library-server/server/borrowing.go:49.2,52.16 3 0
github.com/joshuabezaleel/library-server/server/borrowing.go:57.2,57.43 1 0
github.com/joshuabezaleel/library-server/server/borrowing.go:44.9,47.3 2 0
github.com/joshuabezaleel/library-server/server/borrowing.go:52.16,55.3 2 0
github.com/joshuabezaleel/library-server/server/server.go:29.169,55.2 14 0
github.com/joshuabezaleel/library-server/server/server.go:58.43,59.27 1 0
github.com/joshuabezaleel/library-server/server/server.go:65.2,66.16 2 0
github.com/joshuabezaleel/library-server/server/server.go:59.27,61.3 1 0
github.com/joshuabezaleel/library-server/server/server.go:61.8,63.3 1 0
github.com/joshuabezaleel/library-server/server/server.go:66.16,67.13 1 0
github.com/joshuabezaleel/library-server/server/server.go:72.28,74.2 0 0
github.com/joshuabezaleel/library-server/server/user.go:18.64,26.2 4 0
github.com/joshuabezaleel/library-server/server/user.go:28.80,32.16 3 0
github.com/joshuabezaleel/library-server/server/user.go:36.2,39.16 3 0
github.com/joshuabezaleel/library-server/server/user.go:44.2,44.49 1 0
github.com/joshuabezaleel/library-server/server/user.go:32.16,35.3 2 0
github.com/joshuabezaleel/library-server/server/user.go:39.16,42.3 2 0
github.com/joshuabezaleel/library-server/server/user.go:47.77,50.9 3 0
github.com/joshuabezaleel/library-server/server/user.go:55.2,56.16 2 0
github.com/joshuabezaleel/library-server/server/user.go:61.2,61.41 1 0
github.com/joshuabezaleel/library-server/server/user.go:50.9,53.3 2 0
github.com/joshuabezaleel/library-server/server/user.go:56.16,59.3 2 0
github.com/joshuabezaleel/library-server/server/user.go:64.80,68.16 3 0
github.com/joshuabezaleel/library-server/server/user.go:72.2,76.9 4 0
github.com/joshuabezaleel/library-server/server/user.go:80.2,83.16 3 0
github.com/joshuabezaleel/library-server/server/user.go:88.2,88.48 1 0
github.com/joshuabezaleel/library-server/server/user.go:68.16,71.3 2 0
github.com/joshuabezaleel/library-server/server/user.go:76.9,79.3 2 0
github.com/joshuabezaleel/library-server/server/user.go:83.16,86.3 2 0
github.com/joshuabezaleel/library-server/server/user.go:91.80,94.9 3 0
github.com/joshuabezaleel/library-server/server/user.go:99.2,100.16 2 0
github.com/joshuabezaleel/library-server/server/user.go:105.2,105.62 1 0
github.com/joshuabezaleel/library-server/server/user.go:94.9,97.3 2 0
github.com/joshuabezaleel/library-server/server/user.go:100.16,103.3 2 0
github.com/joshuabezaleel/library-server/server/util.go:8.72,10.2 1 0
github.com/joshuabezaleel/library-server/server/util.go:12.76,18.2 4 0
github.com/joshuabezaleel/library-server/persistence/auth.go:15.53,19.2 1 1
github.com/joshuabezaleel/library-server/persistence/auth.go:21.74,26.16 4 1
github.com/joshuabezaleel/library-server/persistence/auth.go:30.2,30.22 1 1
github.com/joshuabezaleel/library-server/persistence/auth.go:26.16,28.3 1 0
github.com/joshuabezaleel/library-server/persistence/book.go:15.53,19.2 1 1
github.com/joshuabezaleel/library-server/persistence/book.go:21.71,24.16 2 1
github.com/joshuabezaleel/library-server/persistence/book.go:28.2,28.18 1 1
github.com/joshuabezaleel/library-server/persistence/book.go:24.16,26.3 1 0
github.com/joshuabezaleel/library-server/persistence/book.go:31.68,35.16 3 1
github.com/joshuabezaleel/library-server/persistence/book.go:39.2,39.19 1 1
github.com/joshuabezaleel/library-server/persistence/book.go:35.16,37.3 1 1
github.com/joshuabezaleel/library-server/persistence/book.go:42.73,44.16 2 1
github.com/joshuabezaleel/library-server/persistence/book.go:48.2,49.16 2 1
github.com/joshuabezaleel/library-server/persistence/book.go:53.2,53.25 1 1
github.com/joshuabezaleel/library-server/persistence/book.go:44.16,46.3 1 0
github.com/joshuabezaleel/library-server/persistence/book.go:49.16,51.3 1 0
github.com/joshuabezaleel/library-server/persistence/book.go:56.57,59.16 2 1
github.com/joshuabezaleel/library-server/persistence/book.go:63.2,63.12 1 1
github.com/joshuabezaleel/library-server/persistence/book.go:59.16,61.3 1 0
github.com/joshuabezaleel/library-server/persistence/bookcopy.go:15.61,19.2 1 1
github.com/joshuabezaleel/library-server/persistence/bookcopy.go:21.95,24.16 2 1
github.com/joshuabezaleel/library-server/persistence/bookcopy.go:28.2,28.22 1 1
github.com/joshuabezaleel/library-server/persistence/bookcopy.go:24.16,26.3 1 0
github.com/joshuabezaleel/library-server/persistence/bookcopy.go:31.84,35.16 3 1
github.com/joshuabezaleel/library-server/persistence/bookcopy.go:39.2,39.23 1 1
github.com/joshuabezaleel/library-server/persistence/bookcopy.go:35.16,37.3 1 1
github.com/joshuabezaleel/library-server/persistence/bookcopy.go:42.97,45.16 2 1
github.com/joshuabezaleel/library-server/persistence/bookcopy.go:49.2,50.16 2 1
github.com/joshuabezaleel/library-server/persistence/bookcopy.go:54.2,54.29 1 1
github.com/joshuabezaleel/library-server/persistence/bookcopy.go:45.16,47.3 1 0
github.com/joshuabezaleel/library-server/persistence/bookcopy.go:50.16,52.3 1 0
github.com/joshuabezaleel/library-server/persistence/bookcopy.go:57.65,60.16 2 1
github.com/joshuabezaleel/library-server/persistence/bookcopy.go:64.2,64.12 1 1
github.com/joshuabezaleel/library-server/persistence/bookcopy.go:60.16,62.3 1 0
github.com/joshuabezaleel/library-server/persistence/borrow.go:15.60,19.2 1 1
github.com/joshuabezaleel/library-server/persistence/borrow.go:21.91,24.16 2 1
github.com/joshuabezaleel/library-server/persistence/borrow.go:28.2,28.20 1 1
github.com/joshuabezaleel/library-server/persistence/borrow.go:24.16,26.3 1 0
github.com/joshuabezaleel/library-server/persistence/borrow.go:31.79,35.16 3 1
github.com/joshuabezaleel/library-server/persistence/borrow.go:39.2,39.21 1 1
github.com/joshuabezaleel/library-server/persistence/borrow.go:35.16,37.3 1 1
github.com/joshuabezaleel/library-server/persistence/borrow.go:42.117,46.16 3 1
github.com/joshuabezaleel/library-server/persistence/borrow.go:50.2,50.21 1 1
github.com/joshuabezaleel/library-server/persistence/borrow.go:46.16,48.3 1 1
github.com/joshuabezaleel/library-server/persistence/borrow.go:53.78,57.16 3 1
github.com/joshuabezaleel/library-server/persistence/borrow.go:61.2,61.24 1 1
github.com/joshuabezaleel/library-server/persistence/borrow.go:57.16,59.3 1 0
github.com/joshuabezaleel/library-server/persistence/borrow.go:64.91,66.16 2 1
github.com/joshuabezaleel/library-server/persistence/borrow.go:70.2,71.16 2 1
github.com/joshuabezaleel/library-server/persistence/borrow.go:75.2,75.28 1 1
github.com/joshuabezaleel/library-server/persistence/borrow.go:66.16,68.3 1 0
github.com/joshuabezaleel/library-server/persistence/borrow.go:71.16,73.3 1 0
github.com/joshuabezaleel/library-server/persistence/repository.go:31.44,38.22 2 1
github.com/joshuabezaleel/library-server/persistence/repository.go:44.2,48.16 4 1
github.com/joshuabezaleel/library-server/persistence/repository.go:52.2,67.19 7 1
github.com/joshuabezaleel/library-server/persistence/repository.go:38.22,40.3 1 1
github.com/joshuabezaleel/library-server/persistence/repository.go:40.8,40.32 1 0
github.com/joshuabezaleel/library-server/persistence/repository.go:40.32,42.3 1 0
github.com/joshuabezaleel/library-server/persistence/repository.go:48.16,49.13 1 0
github.com/joshuabezaleel/library-server/persistence/user.go:15.53,19.2 1 1
github.com/joshuabezaleel/library-server/persistence/user.go:21.71,24.16 2 1
github.com/joshuabezaleel/library-server/persistence/user.go:28.2,28.18 1 1
github.com/joshuabezaleel/library-server/persistence/user.go:24.16,26.3 1 0
github.com/joshuabezaleel/library-server/persistence/user.go:31.68,35.16 3 1
github.com/joshuabezaleel/library-server/persistence/user.go:39.2,39.19 1 1
github.com/joshuabezaleel/library-server/persistence/user.go:35.16,37.3 1 1
github.com/joshuabezaleel/library-server/persistence/user.go:42.73,45.16 2 1
github.com/joshuabezaleel/library-server/persistence/user.go:49.2,50.16 2 1
github.com/joshuabezaleel/library-server/persistence/user.go:54.2,54.25 1 1
github.com/joshuabezaleel/library-server/persistence/user.go:45.16,47.3 1 0
github.com/joshuabezaleel/library-server/persistence/user.go:50.16,52.3 1 0
github.com/joshuabezaleel/library-server/persistence/user.go:57.57,60.16 2 1
github.com/joshuabezaleel/library-server/persistence/user.go:64.2,64.12 1 1
github.com/joshuabezaleel/library-server/persistence/user.go:60.16,62.3 1 0
github.com/joshuabezaleel/library-server/persistence/user.go:67.78,71.16 3 1
github.com/joshuabezaleel/library-server/persistence/user.go:75.2,75.20 1 1
github.com/joshuabezaleel/library-server/persistence/user.go:71.16,73.3 1 0
github.com/joshuabezaleel/library-server/persistence/user.go:78.75,82.16 3 1
github.com/joshuabezaleel/library-server/persistence/user.go:86.2,86.18 1 1
github.com/joshuabezaleel/library-server/persistence/user.go:82.16,84.3 1 0
github.com/joshuabezaleel/library-server/persistence/user.go:89.71,91.16 2 1
github.com/joshuabezaleel/library-server/persistence/user.go:95.2,95.12 1 1
github.com/joshuabezaleel/library-server/persistence/user.go:91.16,93.3 1 0
github.com/joshuabezaleel/library-server/persistence/user.go:98.73,102.16 3 0
github.com/joshuabezaleel/library-server/persistence/user.go:106.2,106.23 1 0
github.com/joshuabezaleel/library-server/persistence/user.go:102.16,104.3 1 0
